android/app/build/outputs/mapping/release/seeds.txt
com.shree.mati.MainActivity
com.shree.mati.MainApplication
com.shree.mati.MainActivity: MainActivity()
com.shree.mati.MainApplication: MainApplication()
...
com.fingerprintjs.android.fingerprint.fingerprinting_signals.FingerprintingSignalsProvider$fingerprintSensorStatusSignal$2: com.fingerprintjs.android.fingerprint.fingerprinting_signals.FingerprintingSignalsProvider this$0
app.notifee.core.event.BlockStateEvent: int TYPE_APP_BLOCKED
com.horcrux.svg.VirtualViewManager: float CAMERA_DISTANCE_NORMALIZATION_MULTIPLIER
com.facebook.react.bridge.ReactMarkerConstants: com.facebook.react.bridge.ReactMarkerConstants NATIVE_MODULE_SETUP_START
com.learnium.RNDeviceInfo.RNDeviceModule: android.content.BroadcastReceiver receiver
com.facebook.react.uimanager.RootViewManager: java.lang.String REACT_CLASS
com.sslpublickeypinning.SslPublicKeyPinningModule: java.lang.String PUBLIC_KEY_HASHES_KEY
com.facebook.react.fabric.SurfaceHandlerBinding: int DISPLAY_MODE_SUSPENDED
com.horcrux.svg.SvgView: boolean mRendered
com.appmattus.certificatetransparency.internal.loglist.model.v3.Log: com.appmattus.certificatetransparency.internal.loglist.model.v3.Hostname dns
kotlin.jvm.internal.Ref$BooleanRef: boolean element
io.legere.pdfiumandroid.suspend.PdfDocumentKt$getDocumentMeta$2: int label
com.swmansion.reanimated.layoutReanimation.Snapshot: java.lang.String HEIGHT
com.facebook.react.fabric.mounting.SurfaceMountingManager$ViewState: java.util.Queue mPendingEventQueue
com.google.common.util.concurrent.AbstractFuture$Waiter: java.lang.Thread thread
io.legere.pdfiumandroid.suspend.PdfPageKt$mapDeviceCoordsToPage$2: int $rotate
com.freeraspreactnative.models.RNPackageInfo: java.lang.String version
com.facebook.react.fabric.mounting.SurfaceMountingManager$4: com.facebook.react.fabric.mounting.SurfaceMountingManager$PendingViewEvent val$viewEvent
com.facebook.react.config.ReactFeatureFlags: boolean enableBridgelessArchitectureNewCreateReloadDestroy
com.facebook.react.fabric.DevToolsReactPerfLogger: com.facebook.react.fabric.LongStreamingStats mStreamingLayoutStats
com.swmansion.reanimated.layoutReanimation.Snapshot: android.view.ViewGroup parent
com.facebook.react.bridge.JavaOnlyMap: java.util.Map mBackingMap
com.horcrux.svg.VirtualViewManager: com.horcrux.svg.VirtualViewManager$MatrixDecompositionContext sMatrixDecompositionContext
kotlinx.coroutines.internal.DispatchedContinuation: java.lang.Object _reusableCancellableContinuation$volatile
com.facebook.react.views.textinput.ReactTextInputManager: int AUTOCAPITALIZE_FLAGS
com.facebook.react.uimanager.UIManagerModule: com.facebook.react.uimanager.ViewManagerRegistry mViewManagerRegistry
com.swmansion.reanimated.ReanimatedModule: java.util.ArrayList mOperations
com.facebook.react.bridge.ReactMarkerConstants: com.facebook.react.bridge.ReactMarkerConstants ON_FRAGMENT_CREATE
io.invertase.firebase.utils.ReactNativeFirebaseUtilsModule: java.lang.String FIREBASE_TEST_LAB
com.facebook.react.uimanager.ViewManager: java.lang.String NAME
com.facebook.react.fabric.mounting.SurfaceMountingManager: com.facebook.react.fabric.mounting.MountingManager$MountItemExecutor mMountItemExecutor
com.facebook.fbreact.specs.NativeAccessibilityManagerSpec: java.lang.String NAME
com.facebook.react.views.textinput.ReactTextInputManager: short TX_STATE_KEY_HASH
com.facebook.react.bridge.BackgroundExecutor: java.lang.String TAG
com.facebook.react.bridge.CatalystInstanceImpl$PendingJSCall: com.facebook.react.bridge.NativeArray mArguments
kotlinx.serialization.json.internal.WriteMode: char end
kotlin.collections.ArraysKt___ArraysKt$withIndex$1: java.lang.Object[] $this_withIndex
com.horcrux.svg.SvgView: java.util.Map mDefinedFilters
io.legere.pdfiumandroid.suspend.PdfDocumentKt$openTextPage$2: int label
com.facebook.react.bridge.ColorPropConverter: java.lang.String ATTR
com.facebook.react.bridge.CatalystInstanceImpl$Builder: com.facebook.react.bridge.queue.ReactQueueConfigurationSpec mReactQueueConfigurationSpec
com.facebook.react.bridge.ColorPropConverter: java.lang.String PACKAGE_DELIMITER