android/app/build/outputs/mapping/release/usage.txt
com.shree.mati.BuildConfig
com.shree.mati.R$drawable
com.shree.mati.R$integer
com.shree.mati.R$mipmap
com.shree.mati.R$string
com.shree.mati.R$style
com.shree.mati.R
...
com.google.common.io.LineReader
com.google.common.io.LittleEndianDataInputStream
com.google.common.io.LittleEndianDataOutputStream
com.google.common.io.MultiInputStream
com.google.common.io.MultiReader
com.google.common.io.ParametricNullness
com.google.common.io.PatternFilenameFilter
com.google.common.io.ReaderInputStream
com.google.common.io.Resources$1
com.google.common.io.Resources$UrlByteSource
com.google.common.io.Resources
com.google.common.io.TempFileCreator$1
com.google.common.io.TempFileCreator$JavaIoCreator
com.google.common.io.TempFileCreator$JavaNioCreator$1
com.google.common.io.TempFileCreator$JavaNioCreator$PermissionSupplier
com.google.common.io.TempFileCreator$JavaNioCreator
com.google.common.io.TempFileCreator$ThrowingCreator
com.google.common.io.TempFileCreator
com.google.common.io.package-info
com.google.common.math.BigDecimalMath$BigDecimalToDoubleRounder
com.google.common.math.BigDecimalMath
com.google.common.math.BigIntegerMath$1
com.google.common.math.BigIntegerMath$BigIntegerToDoubleRounder
com.google.common.math.BigIntegerMath
com.google.common.math.DoubleMath$1
com.google.common.math.DoubleMath
com.google.common.math.DoubleUtils
com.google.common.math.ElementTypesAreNonnullByDefault
com.google.common.math.IntMath$1
com.google.common.math.IntMath
com.google.common.math.LinearTransformation$1
com.google.common.math.LinearTransformation$LinearTransformationBuilder
com.google.common.math.LinearTransformation$NaNLinearTransformation
com.google.common.math.LinearTransformation$RegularLinearTransformation
com.google.common.math.LinearTransformation$VerticalLinearTransformation
com.google.common.math.LinearTransformation
com.google.common.math.LongMath$1
com.google.common.math.LongMath$MillerRabinTester$1
com.google.common.math.LongMath$MillerRabinTester$2
com.google.common.math.LongMath$MillerRabinTester
com.google.common.math.LongMath
com.google.common.math.MathPreconditions
com.google.common.math.PairedStats
com.google.common.math.PairedStatsAccumulator
com.google.common.math.ParametricNullness
com.google.common.math.Quantiles$1
com.google.common.math.Quantiles$Scale
com.google.common.math.Quantiles$ScaleAndIndex
com.google.common.math.Quantiles$ScaleAndIndexes
com.google.common.math.Quantiles
com.google.common.math.Stats
com.google.common.math.StatsAccumulator
com.google.common.math.ToDoubleRounder$1
com.google.common.math.ToDoubleRounder
com.google.common.math.package-info
com.google.common.net.ElementTypesAreNonnullByDefault
com.google.common.net.HostAndPort
com.google.common.net.HostSpecifier
com.google.common.net.HttpHeaders$ReferrerPolicyValues
com.google.common.net.HttpHeaders
com.google.common.net.InetAddresses$1
com.google.common.net.InetAddresses$Scope
com.google.common.net.InetAddresses$TeredoInfo
com.google.common.net.InetAddresses
com.google.common.net.InternetDomainName
com.google.common.net.MediaType$Tokenizer
com.google.common.net.MediaType
com.google.common.net.ParametricNullness
com.google.common.net.PercentEscaper
com.google.common.net.UrlEscapers
com.google.common.net.package-info
com.google.common.primitives.Booleans$BooleanArrayAsList
com.google.common.primitives.Booleans$BooleanComparator
com.google.common.primitives.Booleans$LexicographicalComparator
com.google.common.primitives.Booleans
com.google.common.primitives.Bytes$ByteArrayAsList
com.google.common.primitives.Bytes
com.google.common.primitives.Chars$CharArrayAsList
com.google.common.primitives.Chars$LexicographicalComparator
com.google.common.primitives.Chars
com.google.common.primitives.Doubles$DoubleArrayAsList
com.google.common.primitives.Doubles$DoubleConverter
com.google.common.primitives.Doubles$LexicographicalComparator
com.google.common.primitives.Doubles
com.google.common.primitives.DoublesMethodsForWeb
com.google.common.primitives.ElementTypesAreNonnullByDefault
com.google.common.primitives.Floats$FloatArrayAsList
com.google.common.primitives.Floats$FloatConverter